<?xml version="1.0" encoding="UTF-8"?>
<!-- Generated by org.testng.reporters.JUnitXMLReporter -->
<testsuite ignored="0" hostname="WINDOWS-HJ21I73" failures="0" tests="6" name="SwapnikaTestNGresults" time="50.438" errors="0" timestamp="2023-03-08T19:17:09 EST">
  <testcase classname="testng.NewTest1" name="addNum" time="0.009"/>
  <testcase classname="testng.NewTest1" name="findLargeNumber" time="0.012"/>
  <testcase classname="testng.NewTest1" name="mulNum" time="0.014"/>
  <testcase classname="testng.NewTest1" name="subNum" time="0.002"/>
  <testcase classname="testng.Alerthandle_testNG" name="f" time="15.341"/>
  <testcase classname="testng.Collegeliveweek_testNG" name="f" time="34.99"/>
</testsuite> <!-- SwapnikaTestNGresults -->
